<?xml version="1.0" encoding="UTF-8"?>
<!-- Generated by org.testng.reporters.JUnitReportReporter -->
<testsuite hostname="DESKTOP-4K9AE26" failures="0" tests="1" name="test.CreatepageTest" time="4.835" errors="0" timestamp="2023-07-11T11:19:19 IST" skipped="0">
  <testcase classname="test.CreatepageTest" name="test1" time="4.835"/>
</testsuite> <!-- test.CreatepageTest -->
