<?xml version="1.0" encoding="UTF-8"?>
<!-- Generated by org.testng.reporters.JUnitReportReporter -->
<testsuite hostname="DESKTOP-4K9AE26" failures="0" tests="2" name="testng.testngdemo" time="0.277" errors="0" timestamp="2023-06-27T12:14:47 IST" skipped="0">
  <testcase classname="testng.testngdemo" name="titleverification" time="0.153"/>
  <testcase classname="testng.testngdemo" name="contentverification" time="0.124"/>
</testsuite> <!-- testng.testngdemo -->
