<?xml version="1.0" encoding="UTF-8"?>
<!-- Generated by org.testng.reporters.JUnitReportReporter -->
<testsuite hostname="DESKTOP-4K9AE26" failures="0" tests="1" name="testng.DragandDrop" time="0.496" errors="0" timestamp="2023-06-30T12:53:35 IST" skipped="0">
  <testcase classname="testng.DragandDrop" name="draganddrop" time="0.496"/>
</testsuite> <!-- testng.DragandDrop -->
