<?xml version="1.0" encoding="UTF-8"?>
<!-- Generated by org.testng.reporters.JUnitReportReporter -->
<testsuite hostname="DESKTOP-4K9AE26" failures="0" tests="1" name="testng.copypaste" time="0.999" errors="0" timestamp="2023-06-30T11:42:15 IST" skipped="0">
  <testcase classname="testng.copypaste" name="copypaste" time="0.999"/>
</testsuite> <!-- testng.copypaste -->
