<?xml version="1.0" encoding="UTF-8"?>
<!-- Generated by org.testng.reporters.JUnitReportReporter -->
<testsuite hostname="DESKTOP-4K9AE26" failures="0" tests="1" name="test.LoginpageTest" time="0.631" errors="0" timestamp="2023-07-10T12:30:35 IST" skipped="0">
  <testcase classname="test.LoginpageTest" name="test1" time="0.631"/>
</testsuite> <!-- test.LoginpageTest -->
