<?xml version="1.0" encoding="UTF-8"?>
<!-- Generated by org.testng.reporters.JUnitReportReporter -->
<testsuite hostname="DESKTOP-4K9AE26" failures="0" tests="1" name="testng.Amazonwindowhandler" time="0.021" errors="0" timestamp="2023-07-07T12:40:00 IST" skipped="0">
  <testcase classname="testng.Amazonwindowhandler" name="test" time="0.021"/>
</testsuite> <!-- testng.Amazonwindowhandler -->
