<?xml version="1.0" encoding="UTF-8"?>
<!-- Generated by org.testng.reporters.JUnitReportReporter -->
<testsuite hostname="DESKTOP-4K9AE26" failures="0" tests="1" name="testng.gurudemo" time="1.179" errors="0" timestamp="2023-06-30T12:31:45 IST" skipped="0">
  <testcase classname="testng.gurudemo" name="doubleandright" time="1.179"/>
</testsuite> <!-- testng.gurudemo -->
